<?xml version="1.0" encoding="UTF-8"?>
<!-- Generated by org.testng.reporters.JUnitReportReporter -->
<testsuite hostname="MU00084827" name="runner.TestRunner" tests="1" failures="0" timestamp="5 Apr 2018 04:53:43 GMT" time="163.928" errors="0">
  <testcase name="feature" time="163.928" classname="runner.TestRunner"/>
</testsuite> <!-- runner.TestRunner -->
